[debug] [2025-10-28T13:55:14.095Z] ----------------------------------------------------------------------
[debug] [2025-10-28T13:55:14.100Z] Command:       C:\Program Files\nodejs\node.exe C:\Users\Maloinfs\AppData\Roaming\npm\node_modules\firebase-tools\lib\bin\firebase.js login
[debug] [2025-10-28T13:55:14.101Z] CLI Version:   14.22.0
[debug] [2025-10-28T13:55:14.101Z] Platform:      win32
[debug] [2025-10-28T13:55:14.101Z] Node Version:  v22.19.0
[debug] [2025-10-28T13:55:14.102Z] Time:          Tue Oct 28 2025 19:25:14 GMT+0530 (India Standard Time)
[debug] [2025-10-28T13:55:14.102Z] ----------------------------------------------------------------------
[debug] 
[debug] [2025-10-28T13:55:14.104Z] >>> [apiv2][query] GET https://firebase-public.firebaseio.com/cli.json [none]
[info] Already logged in as kidzdreamsofficial@gmail.com
[debug] [2025-10-28T13:55:15.737Z] <<< [apiv2][status] GET https://firebase-public.firebaseio.com/cli.json 200
[debug] [2025-10-28T13:55:15.737Z] <<< [apiv2][body] GET https://firebase-public.firebaseio.com/cli.json {"cloudBuildErrorAfter":1594252800000,"cloudBuildWarnAfter":1590019200000,"defaultNode10After":1594252800000,"minVersion":"3.0.5","node8DeploysDisabledAfter":1613390400000,"node8RuntimeDisabledAfter":1615809600000,"node8WarnAfter":1600128000000}
[debug] [2025-10-28T13:55:24.613Z] Error: Timed out.
    at Timeout._onTimeout (C:\Users\Maloinfs\AppData\Roaming\npm\node_modules\firebase-tools\lib\utils.js:275:49)
    at listOnTimeout (node:internal/timers:588:17)
    at process.processTimers (node:internal/timers:523:7)
[error] 
[error] Error: An unexpected error has occurred.
[debug] [2025-10-28T13:55:33.929Z] ----------------------------------------------------------------------
[debug] [2025-10-28T13:55:33.932Z] Command:       C:\Program Files\nodejs\node.exe C:\Users\Maloinfs\AppData\Roaming\npm\node_modules\firebase-tools\lib\bin\firebase.js use kids-dreams
[debug] [2025-10-28T13:55:33.933Z] CLI Version:   14.22.0
[debug] [2025-10-28T13:55:33.933Z] Platform:      win32
[debug] [2025-10-28T13:55:33.933Z] Node Version:  v22.19.0
[debug] [2025-10-28T13:55:33.933Z] Time:          Tue Oct 28 2025 19:25:33 GMT+0530 (India Standard Time)
[debug] [2025-10-28T13:55:33.933Z] ----------------------------------------------------------------------
[debug] 
[debug] [2025-10-28T13:55:34.111Z] > command requires scopes: ["email","openid","https://www.googleapis.com/auth/cloudplatformprojects.readonly","https://www.googleapis.com/auth/firebase","https://www.googleapis.com/auth/cloud-platform"]
[debug] [2025-10-28T13:55:34.112Z] > authorizing via signed-in user (kidzdreamsofficial@gmail.com)
[debug] [2025-10-28T13:55:34.113Z] Checked if tokens are valid: false, expires at: 1761372642484
[debug] [2025-10-28T13:55:34.113Z] Checked if tokens are valid: false, expires at: 1761372642484
[debug] [2025-10-28T13:55:34.113Z] > refreshing access token with scopes: []
[debug] [2025-10-28T13:55:34.115Z] >>> [apiv2][query] POST https://www.googleapis.com/oauth2/v3/token [none]
[debug] [2025-10-28T13:55:34.115Z] >>> [apiv2][body] POST https://www.googleapis.com/oauth2/v3/token [omitted]
[debug] [2025-10-28T13:55:34.940Z] <<< [apiv2][status] POST https://www.googleapis.com/oauth2/v3/token 200
[debug] [2025-10-28T13:55:34.940Z] <<< [apiv2][body] POST https://www.googleapis.com/oauth2/v3/token [omitted]
[debug] [2025-10-28T13:55:34.947Z] >>> [apiv2][query] GET https://serviceusage.googleapis.com/v1/projects/kids-dreams/services/cloudresourcemanager.googleapis.com [none]
[debug] [2025-10-28T13:55:34.947Z] >>> [apiv2][(partial)header] GET https://serviceusage.googleapis.com/v1/projects/kids-dreams/services/cloudresourcemanager.googleapis.com x-goog-quota-user=projects/kids-dreams
[debug] [2025-10-28T13:55:37.193Z] <<< [apiv2][status] GET https://serviceusage.googleapis.com/v1/projects/kids-dreams/services/cloudresourcemanager.googleapis.com 403
[debug] [2025-10-28T13:55:37.194Z] <<< [apiv2][body] GET https://serviceusage.googleapis.com/v1/projects/kids-dreams/services/cloudresourcemanager.googleapis.com [omitted]
[debug] [2025-10-28T13:55:37.195Z] Unable to check that https://cloudresourcemanager.googleapis.com is enabled on kids-dreams. Calls to it will fail if it is not enabled
[debug] [2025-10-28T13:55:37.195Z] Checked if tokens are valid: true, expires at: 1761663333940
[debug] [2025-10-28T13:55:37.195Z] Checked if tokens are valid: true, expires at: 1761663333940
[debug] [2025-10-28T13:55:37.196Z] >>> [apiv2][query] GET https://cloudresourcemanager.googleapis.com/v1/projects/kids-dreams [none]
[debug] [2025-10-28T13:55:39.046Z] <<< [apiv2][status] GET https://cloudresourcemanager.googleapis.com/v1/projects/kids-dreams 403
[debug] [2025-10-28T13:55:39.046Z] <<< [apiv2][body] GET https://cloudresourcemanager.googleapis.com/v1/projects/kids-dreams {"error":{"code":403,"message":"The caller does not have permission","status":"PERMISSION_DENIED"}}
[debug] [2025-10-28T13:55:44.058Z] Error: Timed out.
    at Timeout._onTimeout (C:\Users\Maloinfs\AppData\Roaming\npm\node_modules\firebase-tools\lib\utils.js:275:49)
    at listOnTimeout (node:internal/timers:588:17)
    at process.processTimers (node:internal/timers:523:7)
[error] 
[error] Error: An unexpected error has occurred.
[debug] [2025-10-28T13:55:54.651Z] ----------------------------------------------------------------------
[debug] [2025-10-28T13:55:54.654Z] Command:       C:\Program Files\nodejs\node.exe C:\Users\Maloinfs\AppData\Roaming\npm\node_modules\firebase-tools\lib\bin\firebase.js projects:list
[debug] [2025-10-28T13:55:54.654Z] CLI Version:   14.22.0
[debug] [2025-10-28T13:55:54.654Z] Platform:      win32
[debug] [2025-10-28T13:55:54.655Z] Node Version:  v22.19.0
[debug] [2025-10-28T13:55:54.655Z] Time:          Tue Oct 28 2025 19:25:54 GMT+0530 (India Standard Time)
[debug] [2025-10-28T13:55:54.655Z] ----------------------------------------------------------------------
[debug] 
[debug] [2025-10-28T13:55:54.844Z] > command requires scopes: ["email","openid","https://www.googleapis.com/auth/cloudplatformprojects.readonly","https://www.googleapis.com/auth/firebase","https://www.googleapis.com/auth/cloud-platform"]
[debug] [2025-10-28T13:55:54.844Z] > authorizing via signed-in user (kidzdreamsofficial@gmail.com)
[debug] [2025-10-28T13:55:54.848Z] Checked if tokens are valid: true, expires at: 1761663333940
[debug] [2025-10-28T13:55:54.848Z] Checked if tokens are valid: true, expires at: 1761663333940
[debug] [2025-10-28T13:55:54.849Z] >>> [apiv2][query] GET https://firebase.googleapis.com/v1beta1/projects pageSize=1000
[debug] [2025-10-28T13:55:56.199Z] <<< [apiv2][status] GET https://firebase.googleapis.com/v1beta1/projects 200
[debug] [2025-10-28T13:55:56.199Z] <<< [apiv2][body] GET https://firebase.googleapis.com/v1beta1/projects [omitted]
[info] ┌──────────────────────┬─────────────────────────────┬────────────────┬──────────────────────┐
│ Project Display Name │ Project ID                  │ Project Number │ Resource Location ID │
├──────────────────────┼─────────────────────────────┼────────────────┼──────────────────────┤
│ kids-dreams          │ kids-dreams-ce4d9 (current) │ 551653351907   │ [Not specified]      │
└──────────────────────┴─────────────────────────────┴────────────────┴──────────────────────┘
[info] 
[info] 1 project(s) total.
[debug] [2025-10-28T13:56:06.262Z] Error: Timed out.
    at Timeout._onTimeout (C:\Users\Maloinfs\AppData\Roaming\npm\node_modules\firebase-tools\lib\utils.js:275:49)
    at listOnTimeout (node:internal/timers:588:17)
    at process.processTimers (node:internal/timers:523:7)
[error] 
[error] Error: An unexpected error has occurred.
[debug] [2025-10-28T13:56:26.486Z] ----------------------------------------------------------------------
[debug] [2025-10-28T13:56:26.488Z] Command:       C:\Program Files\nodejs\node.exe C:\Users\Maloinfs\AppData\Roaming\npm\node_modules\firebase-tools\lib\bin\firebase.js use kids-dreams-ced49
[debug] [2025-10-28T13:56:26.489Z] CLI Version:   14.22.0
[debug] [2025-10-28T13:56:26.489Z] Platform:      win32
[debug] [2025-10-28T13:56:26.489Z] Node Version:  v22.19.0
[debug] [2025-10-28T13:56:26.489Z] Time:          Tue Oct 28 2025 19:26:26 GMT+0530 (India Standard Time)
[debug] [2025-10-28T13:56:26.489Z] ----------------------------------------------------------------------
[debug] 
[debug] [2025-10-28T13:56:26.664Z] > command requires scopes: ["email","openid","https://www.googleapis.com/auth/cloudplatformprojects.readonly","https://www.googleapis.com/auth/firebase","https://www.googleapis.com/auth/cloud-platform"]
[debug] [2025-10-28T13:56:26.665Z] > authorizing via signed-in user (kidzdreamsofficial@gmail.com)
[debug] [2025-10-28T13:56:26.666Z] Checked if tokens are valid: true, expires at: 1761663333940
[debug] [2025-10-28T13:56:26.666Z] Checked if tokens are valid: true, expires at: 1761663333940
[debug] [2025-10-28T13:56:26.667Z] >>> [apiv2][query] GET https://serviceusage.googleapis.com/v1/projects/kids-dreams-ced49/services/cloudresourcemanager.googleapis.com [none]
[debug] [2025-10-28T13:56:26.667Z] >>> [apiv2][(partial)header] GET https://serviceusage.googleapis.com/v1/projects/kids-dreams-ced49/services/cloudresourcemanager.googleapis.com x-goog-quota-user=projects/kids-dreams-ced49
[debug] [2025-10-28T13:56:28.769Z] <<< [apiv2][status] GET https://serviceusage.googleapis.com/v1/projects/kids-dreams-ced49/services/cloudresourcemanager.googleapis.com 403
[debug] [2025-10-28T13:56:28.769Z] <<< [apiv2][body] GET https://serviceusage.googleapis.com/v1/projects/kids-dreams-ced49/services/cloudresourcemanager.googleapis.com [omitted]
[debug] [2025-10-28T13:56:28.770Z] Unable to check that https://cloudresourcemanager.googleapis.com is enabled on kids-dreams-ced49. Calls to it will fail if it is not enabled
[debug] [2025-10-28T13:56:28.770Z] Checked if tokens are valid: true, expires at: 1761663333940
[debug] [2025-10-28T13:56:28.770Z] Checked if tokens are valid: true, expires at: 1761663333940
[debug] [2025-10-28T13:56:28.770Z] >>> [apiv2][query] GET https://cloudresourcemanager.googleapis.com/v1/projects/kids-dreams-ced49 [none]
[debug] [2025-10-28T13:56:30.368Z] <<< [apiv2][status] GET https://cloudresourcemanager.googleapis.com/v1/projects/kids-dreams-ced49 403
[debug] [2025-10-28T13:56:30.368Z] <<< [apiv2][body] GET https://cloudresourcemanager.googleapis.com/v1/projects/kids-dreams-ced49 {"error":{"code":403,"message":"The caller does not have permission","status":"PERMISSION_DENIED"}}
[debug] [2025-10-28T13:56:35.377Z] Error: Timed out.
    at Timeout._onTimeout (C:\Users\Maloinfs\AppData\Roaming\npm\node_modules\firebase-tools\lib\utils.js:275:49)
    at listOnTimeout (node:internal/timers:588:17)
    at process.processTimers (node:internal/timers:523:7)
[error] 
[error] Error: An unexpected error has occurred.
[debug] [2025-10-28T13:56:49.543Z] ----------------------------------------------------------------------
[debug] [2025-10-28T13:56:49.545Z] Command:       C:\Program Files\nodejs\node.exe C:\Users\Maloinfs\AppData\Roaming\npm\node_modules\firebase-tools\lib\bin\firebase.js use kids-dreams-ced49
[debug] [2025-10-28T13:56:49.546Z] CLI Version:   14.22.0
[debug] [2025-10-28T13:56:49.546Z] Platform:      win32
[debug] [2025-10-28T13:56:49.546Z] Node Version:  v22.19.0
[debug] [2025-10-28T13:56:49.546Z] Time:          Tue Oct 28 2025 19:26:49 GMT+0530 (India Standard Time)
[debug] [2025-10-28T13:56:49.546Z] ----------------------------------------------------------------------
[debug] 
[debug] [2025-10-28T13:56:49.729Z] > command requires scopes: ["email","openid","https://www.googleapis.com/auth/cloudplatformprojects.readonly","https://www.googleapis.com/auth/firebase","https://www.googleapis.com/auth/cloud-platform"]
[debug] [2025-10-28T13:56:49.729Z] > authorizing via signed-in user (kidzdreamsofficial@gmail.com)
[debug] [2025-10-28T13:56:49.730Z] Checked if tokens are valid: true, expires at: 1761663333940
[debug] [2025-10-28T13:56:49.730Z] Checked if tokens are valid: true, expires at: 1761663333940
[debug] [2025-10-28T13:56:49.731Z] >>> [apiv2][query] GET https://serviceusage.googleapis.com/v1/projects/kids-dreams-ced49/services/cloudresourcemanager.googleapis.com [none]
[debug] [2025-10-28T13:56:49.731Z] >>> [apiv2][(partial)header] GET https://serviceusage.googleapis.com/v1/projects/kids-dreams-ced49/services/cloudresourcemanager.googleapis.com x-goog-quota-user=projects/kids-dreams-ced49
[debug] [2025-10-28T13:56:51.711Z] <<< [apiv2][status] GET https://serviceusage.googleapis.com/v1/projects/kids-dreams-ced49/services/cloudresourcemanager.googleapis.com 403
[debug] [2025-10-28T13:56:51.711Z] <<< [apiv2][body] GET https://serviceusage.googleapis.com/v1/projects/kids-dreams-ced49/services/cloudresourcemanager.googleapis.com [omitted]
[debug] [2025-10-28T13:56:51.712Z] Unable to check that https://cloudresourcemanager.googleapis.com is enabled on kids-dreams-ced49. Calls to it will fail if it is not enabled
[debug] [2025-10-28T13:56:51.712Z] Checked if tokens are valid: true, expires at: 1761663333940
[debug] [2025-10-28T13:56:51.712Z] Checked if tokens are valid: true, expires at: 1761663333940
[debug] [2025-10-28T13:56:51.712Z] >>> [apiv2][query] GET https://cloudresourcemanager.googleapis.com/v1/projects/kids-dreams-ced49 [none]
[debug] [2025-10-28T13:56:53.332Z] <<< [apiv2][status] GET https://cloudresourcemanager.googleapis.com/v1/projects/kids-dreams-ced49 403
[debug] [2025-10-28T13:56:53.332Z] <<< [apiv2][body] GET https://cloudresourcemanager.googleapis.com/v1/projects/kids-dreams-ced49 {"error":{"code":403,"message":"The caller does not have permission","status":"PERMISSION_DENIED"}}
[debug] [2025-10-28T13:56:58.340Z] Error: Timed out.
    at Timeout._onTimeout (C:\Users\Maloinfs\AppData\Roaming\npm\node_modules\firebase-tools\lib\utils.js:275:49)
    at listOnTimeout (node:internal/timers:588:17)
    at process.processTimers (node:internal/timers:523:7)
[error] 
[error] Error: An unexpected error has occurred.
[debug] [2025-10-28T13:57:43.437Z] ----------------------------------------------------------------------
[debug] [2025-10-28T13:57:43.439Z] Command:       C:\Program Files\nodejs\node.exe C:\Users\Maloinfs\AppData\Roaming\npm\node_modules\firebase-tools\lib\bin\firebase.js login
[debug] [2025-10-28T13:57:43.439Z] CLI Version:   14.22.0
[debug] [2025-10-28T13:57:43.439Z] Platform:      win32
[debug] [2025-10-28T13:57:43.439Z] Node Version:  v22.19.0
[debug] [2025-10-28T13:57:43.439Z] Time:          Tue Oct 28 2025 19:27:43 GMT+0530 (India Standard Time)
[debug] [2025-10-28T13:57:43.439Z] ----------------------------------------------------------------------
[debug] 
[info] Already logged in as kidzdreamsofficial@gmail.com
[debug] [2025-10-28T13:57:53.681Z] Error: Timed out.
    at Timeout._onTimeout (C:\Users\Maloinfs\AppData\Roaming\npm\node_modules\firebase-tools\lib\utils.js:275:49)
    at listOnTimeout (node:internal/timers:588:17)
    at process.processTimers (node:internal/timers:523:7)
[error] 
[error] Error: An unexpected error has occurred.
